0 info it worked if it ends with ok
1 verbose cli [ '/usr/local/Cellar/node/7.7.4/bin/node',
1 verbose cli   '/usr/local/bin/npm',
1 verbose cli   'run',
1 verbose cli   'e2e' ]
2 info using npm@4.1.2
3 info using node@v7.7.4
4 verbose run-script [ 'pree2e', 'e2e', 'poste2e' ]
5 info lifecycle voting_app@1.0.0~pree2e: voting_app@1.0.0
6 silly lifecycle voting_app@1.0.0~pree2e: no script for pree2e, continuing
7 info lifecycle voting_app@1.0.0~e2e: voting_app@1.0.0
8 verbose lifecycle voting_app@1.0.0~e2e: unsafe-perm in lifecycle true
9 verbose lifecycle voting_app@1.0.0~e2e: PATH: /usr/local/lib/node_modules/npm/bin/node-gyp-bin:/Users/arturpolakov/Downloads/react-course/fullstack-react-code/voting_app/node_modules/.bin:/usr/local/lib/node_modules/npm/bin/node-gyp-bin:/Users/arturpolakov/Downloads/react-course/fullstack-react-code/voting_app/node_modules/.bin:/Users/arturpolakov/.rvm/gems/ruby-2.2.6/bin:/Users/arturpolakov/.rvm/gems/ruby-2.2.6@global/bin:/Users/arturpolakov/.rvm/rubies/ruby-2.2.6/bin:/usr/local/mongodb/bin/:/usr/local/bin:/usr/local/sbin:/usr/local/bin:/Users/arturpolakov/.rbenv/shims:/Users/arturpolakov/.rbenv/bin:/Users/arturpolakov/.rvm/gems/ruby-2.3.0/bin:/Users/arturpolakov/.rvm/gems/ruby-2.3.0@global/bin:/Users/arturpolakov/.rvm/rubies/ruby-2.3.0/bin:/usr/local/bin:/usr/bin:/bin:/usr/sbin:/sbin:/Users/arturpolakov/.rvm/bin
10 verbose lifecycle voting_app@1.0.0~e2e: CWD: /Users/arturpolakov/Downloads/react-course/fullstack-react-code/voting_app
11 silly lifecycle voting_app@1.0.0~e2e: Args: [ '-c', 'nightwatch' ]
12 info lifecycle voting_app@1.0.0~e2e: Failed to exec e2e script
13 verbose stack Error: voting_app@1.0.0 e2e: `nightwatch`
13 verbose stack spawn ENOENT
13 verbose stack     at ChildProcess.<anonymous> (/usr/local/lib/node_modules/npm/lib/utils/spawn.js:33:16)
13 verbose stack     at emitTwo (events.js:106:13)
13 verbose stack     at ChildProcess.emit (events.js:194:7)
13 verbose stack     at maybeClose (internal/child_process.js:899:16)
13 verbose stack     at Process.ChildProcess._handle.onexit (internal/child_process.js:226:5)
14 verbose pkgid voting_app@1.0.0
15 verbose cwd /Users/arturpolakov/Downloads/react-course/fullstack-react-code/voting_app
16 error Darwin 16.5.0
17 error argv "/usr/local/Cellar/node/7.7.4/bin/node" "/usr/local/bin/npm" "run" "e2e"
18 error node v7.7.4
19 error npm  v4.1.2
20 error file sh
21 error code ELIFECYCLE
22 error errno ENOENT
23 error syscall spawn
24 error voting_app@1.0.0 e2e: `nightwatch`
24 error spawn ENOENT
25 error Failed at the voting_app@1.0.0 e2e script 'nightwatch'.
25 error Make sure you have the latest version of node.js and npm installed.
25 error If you do, this is most likely a problem with the voting_app package,
25 error not with npm itself.
25 error Tell the author that this fails on your system:
25 error     nightwatch
25 error You can get information on how to open an issue for this project with:
25 error     npm bugs voting_app
25 error Or if that isn't available, you can get their info via:
25 error     npm owner ls voting_app
25 error There is likely additional logging output above.
26 verbose exit [ 1, true ]
